<?xml version="1.0" encoding="UTF-8"?>
<!-- Generated by org.testng.reporters.JUnitXMLReporter -->
<testsuite hostname="DESKTOP-L49GJNQ" ignored="0" name="DependencyTest" tests="3" failures="1" timestamp="2020-06-16T14:42:54 CDT" time="0.015" errors="0">
  <testcase name="doRegister" time="0.0" classname="udemy.DependencyTest"/>
  <testcase name="doLogin" time="0.0" classname="udemy.DependencyTest">
    <failure type="java.lang.AssertionError" message="user not registered">
      <![CDATA[java.lang.AssertionError: user not registered
at udemy.DependencyTest.doLogin(DependencyTest.java:11)
at java.util.ArrayList.forEach(ArrayList.java:1257)
... Removed 29 stack frames]]>
    </failure>
  </testcase> <!-- doLogin -->
  <testcase name="doSomething" time="0.0" classname="udemy.DependencyTest"/>
</testsuite> <!-- DependencyTest -->
